Determining if the pthread_create exist failed with the following output:
Change Dir: /home/eren/Desktop/SFND/SFND_Lidar_Obstacle_Detection/src/quiz/ransac3d/build/CMakeFiles/CMakeTmp

Run Build Command:"/usr/bin/make" "cmTC_e6d62/fast"
/usr/bin/make -f CMakeFiles/cmTC_e6d62.dir/build.make CMakeFiles/cmTC_e6d62.dir/build
make[1]: Entering directory '/home/eren/Desktop/SFND/SFND_Lidar_Obstacle_Detection/src/quiz/ransac3d/build/CMakeFiles/CMakeTmp'
Building C object CMakeFiles/cmTC_e6d62.dir/CheckSymbolExists.c.o
/usr/bin/cc     -o CMakeFiles/cmTC_e6d62.dir/CheckSymbolExists.c.o   -c /home/eren/Desktop/SFND/SFND_Lidar_Obstacle_Detection/src/quiz/ransac3d/build/CMakeFiles/CMakeTmp/CheckSymbolExists.c
Linking C executable cmTC_e6d62
/usr/bin/cmake -E cmake_link_script CMakeFiles/cmTC_e6d62.dir/link.txt --verbose=1
/usr/bin/cc       CMakeFiles/cmTC_e6d62.dir/CheckSymbolExists.c.o  -o cmTC_e6d62 -rdynamic 
CMakeFiles/cmTC_e6d62.dir/CheckSymbolExists.c.o: In function `main':
CheckSymbolExists.c:(.text+0x16): undefined reference to `pthread_create'
collect2: error: ld returned 1 exit status
CMakeFiles/cmTC_e6d62.dir/build.make:97: recipe for target 'cmTC_e6d62' failed
make[1]: *** [cmTC_e6d62] Error 1
make[1]: Leaving directory '/home/eren/Desktop/SFND/SFND_Lidar_Obstacle_Detection/src/quiz/ransac3d/build/CMakeFiles/CMakeTmp'
Makefile:126: recipe for target 'cmTC_e6d62/fast' failed
make: *** [cmTC_e6d62/fast] Error 2

File /home/eren/Desktop/SFND/SFND_Lidar_Obstacle_Detection/src/quiz/ransac3d/build/CMakeFiles/CMakeTmp/CheckSymbolExists.c:
/* */
#include <pthread.h>

int main(int argc, char** argv)
{
  (void)argv;
#ifndef pthread_create
  return ((int*)(&pthread_create))[argc];
#else
  (void)argc;
  return 0;
#endif
}

Determining if the function pthread_create exists in the pthreads failed with the following output:
Change Dir: /home/eren/Desktop/SFND/SFND_Lidar_Obstacle_Detection/src/quiz/ransac3d/build/CMakeFiles/CMakeTmp

Run Build Command:"/usr/bin/make" "cmTC_b6608/fast"
/usr/bin/make -f CMakeFiles/cmTC_b6608.dir/build.make CMakeFiles/cmTC_b6608.dir/build
make[1]: Entering directory '/home/eren/Desktop/SFND/SFND_Lidar_Obstacle_Detection/src/quiz/ransac3d/build/CMakeFiles/CMakeTmp'
Building C object CMakeFiles/cmTC_b6608.dir/CheckFunctionExists.c.o
/usr/bin/cc    -DCHECK_FUNCTION_EXISTS=pthread_create   -o CMakeFiles/cmTC_b6608.dir/CheckFunctionExists.c.o   -c /usr/share/cmake-3.5/Modules/CheckFunctionExists.c
Linking C executable cmTC_b6608
/usr/bin/cmake -E cmake_link_script CMakeFiles/cmTC_b6608.dir/link.txt --verbose=1
/usr/bin/cc   -DCHECK_FUNCTION_EXISTS=pthread_create    CMakeFiles/cmTC_b6608.dir/CheckFunctionExists.c.o  -o cmTC_b6608 -rdynamic -lpthreads 
/usr/bin/ld: cannot find -lpthreads
collect2: error: ld returned 1 exit status
CMakeFiles/cmTC_b6608.dir/build.make:97: recipe for target 'cmTC_b6608' failed
make[1]: *** [cmTC_b6608] Error 1
make[1]: Leaving directory '/home/eren/Desktop/SFND/SFND_Lidar_Obstacle_Detection/src/quiz/ransac3d/build/CMakeFiles/CMakeTmp'
Makefile:126: recipe for target 'cmTC_b6608/fast' failed
make: *** [cmTC_b6608/fast] Error 2


