Determining if the pthread_create exist failed with the following output:
Change Dir: /home/eren/Desktop/SFND/SFND_Lidar_Obstacle_Detection/src/quiz/cluster/build/CMakeFiles/CMakeTmp

Run Build Command:"/usr/bin/make" "cmTC_2e30b/fast"
/usr/bin/make -f CMakeFiles/cmTC_2e30b.dir/build.make CMakeFiles/cmTC_2e30b.dir/build
make[1]: Entering directory '/home/eren/Desktop/SFND/SFND_Lidar_Obstacle_Detection/src/quiz/cluster/build/CMakeFiles/CMakeTmp'
Building C object CMakeFiles/cmTC_2e30b.dir/CheckSymbolExists.c.o
/usr/bin/cc     -o CMakeFiles/cmTC_2e30b.dir/CheckSymbolExists.c.o   -c /home/eren/Desktop/SFND/SFND_Lidar_Obstacle_Detection/src/quiz/cluster/build/CMakeFiles/CMakeTmp/CheckSymbolExists.c
Linking C executable cmTC_2e30b
/usr/bin/cmake -E cmake_link_script CMakeFiles/cmTC_2e30b.dir/link.txt --verbose=1
/usr/bin/cc       CMakeFiles/cmTC_2e30b.dir/CheckSymbolExists.c.o  -o cmTC_2e30b -rdynamic 
CMakeFiles/cmTC_2e30b.dir/CheckSymbolExists.c.o: In function `main':
CheckSymbolExists.c:(.text+0x16): undefined reference to `pthread_create'
collect2: error: ld returned 1 exit status
CMakeFiles/cmTC_2e30b.dir/build.make:97: recipe for target 'cmTC_2e30b' failed
make[1]: *** [cmTC_2e30b] Error 1
make[1]: Leaving directory '/home/eren/Desktop/SFND/SFND_Lidar_Obstacle_Detection/src/quiz/cluster/build/CMakeFiles/CMakeTmp'
Makefile:126: recipe for target 'cmTC_2e30b/fast' failed
make: *** [cmTC_2e30b/fast] Error 2

File /home/eren/Desktop/SFND/SFND_Lidar_Obstacle_Detection/src/quiz/cluster/build/CMakeFiles/CMakeTmp/CheckSymbolExists.c:
/* */
#include <pthread.h>

int main(int argc, char** argv)
{
  (void)argv;
#ifndef pthread_create
  return ((int*)(&pthread_create))[argc];
#else
  (void)argc;
  return 0;
#endif
}

Determining if the function pthread_create exists in the pthreads failed with the following output:
Change Dir: /home/eren/Desktop/SFND/SFND_Lidar_Obstacle_Detection/src/quiz/cluster/build/CMakeFiles/CMakeTmp

Run Build Command:"/usr/bin/make" "cmTC_1d9ee/fast"
/usr/bin/make -f CMakeFiles/cmTC_1d9ee.dir/build.make CMakeFiles/cmTC_1d9ee.dir/build
make[1]: Entering directory '/home/eren/Desktop/SFND/SFND_Lidar_Obstacle_Detection/src/quiz/cluster/build/CMakeFiles/CMakeTmp'
Building C object CMakeFiles/cmTC_1d9ee.dir/CheckFunctionExists.c.o
/usr/bin/cc    -DCHECK_FUNCTION_EXISTS=pthread_create   -o CMakeFiles/cmTC_1d9ee.dir/CheckFunctionExists.c.o   -c /usr/share/cmake-3.5/Modules/CheckFunctionExists.c
Linking C executable cmTC_1d9ee
/usr/bin/cmake -E cmake_link_script CMakeFiles/cmTC_1d9ee.dir/link.txt --verbose=1
/usr/bin/cc   -DCHECK_FUNCTION_EXISTS=pthread_create    CMakeFiles/cmTC_1d9ee.dir/CheckFunctionExists.c.o  -o cmTC_1d9ee -rdynamic -lpthreads 
/usr/bin/ld: cannot find -lpthreads
collect2: error: ld returned 1 exit status
CMakeFiles/cmTC_1d9ee.dir/build.make:97: recipe for target 'cmTC_1d9ee' failed
make[1]: *** [cmTC_1d9ee] Error 1
make[1]: Leaving directory '/home/eren/Desktop/SFND/SFND_Lidar_Obstacle_Detection/src/quiz/cluster/build/CMakeFiles/CMakeTmp'
Makefile:126: recipe for target 'cmTC_1d9ee/fast' failed
make: *** [cmTC_1d9ee/fast] Error 2


